<?xml version="1.0" encoding="UTF-8"?>
<!-- Generated by org.testng.reporters.JUnitReportReporter -->
<testsuite hostname="LP-TZD-5x45742" failures="0" tests="3" name="SeleniumPac.TC_ParallelTest" time="44.069" errors="0" timestamp="2026-01-27T10:05:34 IST" skipped="0">
  <testcase classname="SeleniumPac.TC_ParallelTest" name="test2" time="12.731"/>
  <testcase classname="SeleniumPac.TC_ParallelTest" name="test3" time="18.497"/>
  <testcase classname="SeleniumPac.TC_ParallelTest" name="test1" time="12.841"/>
</testsuite> <!-- SeleniumPac.TC_ParallelTest -->
