<?xml version="1.0" encoding="UTF-8"?>
<!-- Generated by org.testng.reporters.JUnitXMLReporter -->
<testsuite ignored="0" hostname="LP-TZD-5x45742" failures="0" tests="4" name="Test" time="18.573" errors="0" timestamp="2026-01-27T10:05:34 IST">
  <testcase classname="SeleniumPac.TC_ParallelTest" name="test2" time="12.731"/>
  <testcase classname="SeleniumPac.TC_ParallelTest" name="test1" time="12.841"/>
  <testcase classname="SeleniumPac.TC_PT2" name="test4" time="18.297"/>
  <testcase classname="SeleniumPac.TC_ParallelTest" name="test3" time="18.497"/>
</testsuite> <!-- Test -->
